This file contains any messages produced by compilers while
running configure, to aid debugging if configure makes a mistake.

It was created by sword configure 1.9.0, which was
generated by GNU Autoconf 2.69.  Invocation command line was

  $ ./configure --with-icuregex --with-cxx11time --enable-debug --disable-shared --without-conf --sysconfdir=/etc --libdir=/usr/lib64 --prefix=/usr

## --------- ##
## Platform. ##
## --------- ##

hostname = codespaces-937e7b
uname -m = x86_64
uname -r = 6.5.0-1025-azure
uname -s = Linux
uname -v = #26~22.04.1-Ubuntu SMP Thu Jul 11 22:33:04 UTC 2024

/usr/bin/uname -p = x86_64
/bin/uname -X     = unknown

/bin/arch              = x86_64
/usr/bin/arch -k       = unknown
/usr/convex/getsysinfo = unknown
/usr/bin/hostinfo      = unknown
/bin/machine           = unknown
/usr/bin/oslevel       = unknown
/bin/universe          = unknown

PATH: /usr/local/rvm/gems/ruby-3.3.4/bin
PATH: /usr/local/rvm/gems/ruby-3.3.4@global/bin
PATH: /usr/local/rvm/rubies/ruby-3.3.4/bin
PATH: /vscode/bin/linux-x64/e54c774e0add60467559eb0d1e229c6452cf8447/bin/remote-cli
PATH: /home/codespace/.local/bin
PATH: /home/codespace/.dotnet
PATH: /home/codespace/nvm/current/bin
PATH: /home/codespace/.php/current/bin
PATH: /home/codespace/.python/current/bin
PATH: /home/codespace/java/current/bin
PATH: /home/codespace/.ruby/current/bin
PATH: /home/codespace/.local/bin
PATH: /usr/local/python/current/bin
PATH: /usr/local/py-utils/bin
PATH: /usr/local/oryx
PATH: /usr/local/go/bin
PATH: /go/bin
PATH: /usr/local/sdkman/bin
PATH: /usr/local/sdkman/candidates/java/current/bin
PATH: /usr/local/sdkman/candidates/gradle/current/bin
PATH: /usr/local/sdkman/candidates/maven/current/bin
PATH: /usr/local/sdkman/candidates/ant/current/bin
PATH: /usr/local/rvm/gems/default/bin
PATH: /usr/local/rvm/gems/default@global/bin
PATH: /usr/local/rvm/rubies/default/bin
PATH: /usr/local/share/rbenv/bin
PATH: /usr/local/php/current/bin
PATH: /opt/conda/bin
PATH: /usr/local/nvs
PATH: /usr/local/share/nvm/versions/node/v20.18.1/bin
PATH: /usr/local/hugo/bin
PATH: /usr/local/sbin
PATH: /usr/local/bin
PATH: /usr/sbin
PATH: /usr/bin
PATH: /sbin
PATH: /bin
PATH: /usr/share/dotnet
PATH: /home/codespace/.dotnet/tools
PATH: /usr/local/rvm/bin


## ----------- ##
## Core tests. ##
## ----------- ##

configure:2569: checking build system type
configure:2583: result: x86_64-pc-linux-gnu
configure:2603: checking host system type
configure:2616: result: x86_64-pc-linux-gnu
configure:2636: checking target system type
configure:2649: result: x86_64-pc-linux-gnu
configure:2691: checking for a BSD-compatible install
configure:2759: result: /usr/bin/install -c
configure:2770: checking whether build environment is sane
configure:2825: result: yes
configure:2974: checking for a thread-safe mkdir -p
configure:3013: result: /usr/bin/mkdir -p
configure:3020: checking for gawk
configure:3036: found /usr/bin/gawk
configure:3047: result: gawk
configure:3058: checking whether make sets $(MAKE)
configure:3080: result: yes
configure:3109: checking whether make supports nested variables
configure:3126: result: yes
configure:3328: checking for gcc
configure:3344: found /usr/bin/gcc
configure:3355: result: gcc
configure:3584: checking for C compiler version
configure:3593: gcc --version >&5
gcc (Ubuntu 9.4.0-1ubuntu1~20.04.2) 9.4.0
Copyright (C) 2019 Free Software Foundation, Inc.
This is free software; see the source for copying conditions.  There is NO
warranty; not even for MERCHANTABILITY or FITNESS FOR A PARTICULAR PURPOSE.

configure:3604: $? = 0
configure:3593: gcc -v >&5
Using built-in specs.
COLLECT_GCC=gcc
COLLECT_LTO_WRAPPER=/usr/lib/gcc/x86_64-linux-gnu/9/lto-wrapper
OFFLOAD_TARGET_NAMES=nvptx-none:hsa
OFFLOAD_TARGET_DEFAULT=1
Target: x86_64-linux-gnu
Configured with: ../src/configure -v --with-pkgversion='Ubuntu 9.4.0-1ubuntu1~20.04.2' --with-bugurl=file:///usr/share/doc/gcc-9/README.Bugs --enable-languages=c,ada,c++,go,brig,d,fortran,objc,obj-c++,gm2 --prefix=/usr --with-gcc-major-version-only --program-suffix=-9 --program-prefix=x86_64-linux-gnu- --enable-shared --enable-linker-build-id --libexecdir=/usr/lib --without-included-gettext --enable-threads=posix --libdir=/usr/lib --enable-nls --enable-clocale=gnu --enable-libstdcxx-debug --enable-libstdcxx-time=yes --with-default-libstdcxx-abi=new --enable-gnu-unique-object --disable-vtable-verify --enable-plugin --enable-default-pie --with-system-zlib --with-target-system-zlib=auto --enable-objc-gc=auto --enable-multiarch --disable-werror --with-arch-32=i686 --with-abi=m64 --with-multilib-list=m32,m64,mx32 --enable-multilib --with-tune=generic --enable-offload-targets=nvptx-none=/build/gcc-9-9QDOt0/gcc-9-9.4.0/debian/tmp-nvptx/usr,hsa --without-cuda-driver --enable-checking=release --build=x86_64-linux-gnu --host=x86_64-linux-gnu --target=x86_64-linux-gnu
Thread model: posix
gcc version 9.4.0 (Ubuntu 9.4.0-1ubuntu1~20.04.2) 
configure:3604: $? = 0
configure:3593: gcc -V >&5
gcc: error: unrecognized command line option '-V'
gcc: fatal error: no input files
compilation terminated.
configure:3604: $? = 1
configure:3593: gcc -qversion >&5
gcc: error: unrecognized command line option '-qversion'; did you mean '--version'?
gcc: fatal error: no input files
compilation terminated.
configure:3604: $? = 1
configure:3624: checking whether the C compiler works
configure:3646: gcc     conftest.c  >&5
configure:3650: $? = 0
configure:3698: result: yes
configure:3701: checking for C compiler default output file name
configure:3703: result: a.out
configure:3709: checking for suffix of executables
configure:3716: gcc -o conftest     conftest.c  >&5
configure:3720: $? = 0
configure:3742: result: 
configure:3764: checking whether we are cross compiling
configure:3772: gcc -o conftest     conftest.c  >&5
configure:3776: $? = 0
configure:3783: ./conftest
configure:3787: $? = 0
configure:3775: result: no
configure:3780: checking for suffix of object files
configure:3802: gcc -c    conftest.c >&5
configure:3806: $? = 0
configure:3827: result: o
configure:3831: checking whether we are using the GNU C compiler
configure:3850: gcc -c    conftest.c >&5
configure:3850: $? = 0
configure:3859: result: yes
configure:3868: checking whether gcc accepts -g
configure:3888: gcc -c -g  conftest.c >&5
configure:3888: $? = 0
configure:3929: result: yes
configure:3946: checking for gcc option to accept ISO C89
configure:4009: gcc  -c    conftest.c >&5
configure:4009: $? = 0
configure:4022: result: none needed
configure:4047: checking whether gcc understands -c and -o together
configure:4069: gcc -c conftest.c -o conftest2.o
configure:4072: $? = 0
configure:4069: gcc -c conftest.c -o conftest2.o
configure:4072: $? = 0
configure:4084: result: yes
configure:4104: checking whether make supports the include directive
configure:4119: make -f confmf.GNU && cat confinc.out
this is the am__doit target
configure:4122: $? = 0
configure:4141: result: yes (GNU style)
configure:4166: checking dependency style of gcc
configure:4277: result: gcc3
configure:4350: checking for g++
configure:4366: found /usr/bin/g++
configure:4377: result: g++
configure:4404: checking for C++ compiler version
configure:4413: g++ --version >&5
g++ (Ubuntu 9.4.0-1ubuntu1~20.04.2) 9.4.0
Copyright (C) 2019 Free Software Foundation, Inc.
This is free software; see the source for copying conditions.  There is NO
warranty; not even for MERCHANTABILITY or FITNESS FOR A PARTICULAR PURPOSE.

configure:4424: $? = 0
configure:4413: g++ -v >&5
Using built-in specs.
COLLECT_GCC=g++
COLLECT_LTO_WRAPPER=/usr/lib/gcc/x86_64-linux-gnu/9/lto-wrapper
OFFLOAD_TARGET_NAMES=nvptx-none:hsa
OFFLOAD_TARGET_DEFAULT=1
Target: x86_64-linux-gnu
Configured with: ../src/configure -v --with-pkgversion='Ubuntu 9.4.0-1ubuntu1~20.04.2' --with-bugurl=file:///usr/share/doc/gcc-9/README.Bugs --enable-languages=c,ada,c++,go,brig,d,fortran,objc,obj-c++,gm2 --prefix=/usr --with-gcc-major-version-only --program-suffix=-9 --program-prefix=x86_64-linux-gnu- --enable-shared --enable-linker-build-id --libexecdir=/usr/lib --without-included-gettext --enable-threads=posix --libdir=/usr/lib --enable-nls --enable-clocale=gnu --enable-libstdcxx-debug --enable-libstdcxx-time=yes --with-default-libstdcxx-abi=new --enable-gnu-unique-object --disable-vtable-verify --enable-plugin --enable-default-pie --with-system-zlib --with-target-system-zlib=auto --enable-objc-gc=auto --enable-multiarch --disable-werror --with-arch-32=i686 --with-abi=m64 --with-multilib-list=m32,m64,mx32 --enable-multilib --with-tune=generic --enable-offload-targets=nvptx-none=/build/gcc-9-9QDOt0/gcc-9-9.4.0/debian/tmp-nvptx/usr,hsa --without-cuda-driver --enable-checking=release --build=x86_64-linux-gnu --host=x86_64-linux-gnu --target=x86_64-linux-gnu
Thread model: posix
gcc version 9.4.0 (Ubuntu 9.4.0-1ubuntu1~20.04.2) 
configure:4424: $? = 0
configure:4413: g++ -V >&5
g++: error: unrecognized command line option '-V'
g++: fatal error: no input files
compilation terminated.
configure:4424: $? = 1
configure:4413: g++ -qversion >&5
g++: error: unrecognized command line option '-qversion'; did you mean '--version'?
g++: fatal error: no input files
compilation terminated.
configure:4424: $? = 1
configure:4428: checking whether we are using the GNU C++ compiler
configure:4447: g++ -c    conftest.cpp >&5
configure:4447: $? = 0
configure:4456: result: yes
configure:4465: checking whether g++ accepts -g
configure:4485: g++ -c -g  conftest.cpp >&5
configure:4485: $? = 0
configure:4526: result: yes
configure:4551: checking dependency style of g++
configure:4662: result: gcc3
configure:5027: checking how to print strings
configure:5054: result: printf
configure:5075: checking for a sed that does not truncate output
configure:5139: result: /usr/bin/sed
configure:5157: checking for grep that handles long lines and -e
configure:5215: result: /usr/bin/grep
configure:5220: checking for egrep
configure:5282: result: /usr/bin/grep -E
configure:5287: checking for fgrep
configure:5349: result: /usr/bin/grep -F
configure:5384: checking for ld used by gcc
configure:5451: result: /usr/bin/ld
configure:5458: checking if the linker (/usr/bin/ld) is GNU ld
configure:5473: result: yes
configure:5485: checking for BSD- or MS-compatible name lister (nm)
configure:5539: result: /usr/bin/nm -B
configure:5669: checking the name lister (/usr/bin/nm -B) interface
configure:5676: g++ -c    conftest.cpp >&5
configure:5679: /usr/bin/nm -B "conftest.o"
configure:5682: output
0000000000000000 B some_variable
configure:5683: result: BSD nm
configure:5686: checking whether ln -s works
configure:5690: result: yes
configure:5698: checking the maximum length of command line arguments
configure:5829: result: 1572864
configure:5877: checking how to convert x86_64-pc-linux-gnu file names to x86_64-pc-linux-gnu format
configure:5917: result: func_convert_file_noop
configure:5924: checking how to convert x86_64-pc-linux-gnu file names to toolchain format
configure:5944: result: func_convert_file_noop
configure:5951: checking for /usr/bin/ld option to reload object files
configure:5958: result: -r
configure:6032: checking for objdump
configure:6059: result: objdump
configure:6088: checking how to recognize dependent libraries
configure:6288: result: pass_all
configure:6373: checking for dlltool
configure:6400: result: dlltool
configure:6430: checking how to associate runtime and link libraries
configure:6457: result: printf %s\n
configure:6518: checking for ar
configure:6534: found /usr/bin/ar
configure:6545: result: ar
configure:6582: checking for archiver @FILE support
configure:6599: g++ -c    conftest.cpp >&5
configure:6599: $? = 0
configure:6602: ar cru libconftest.a @conftest.lst >&5
ar: `u' modifier ignored since `D' is the default (see `U')
configure:6605: $? = 0
configure:6610: ar cru libconftest.a @conftest.lst >&5
ar: `u' modifier ignored since `D' is the default (see `U')
ar: conftest.o: No such file or directory
configure:6613: $? = 1
configure:6612: result: @
configure:6670: checking for strip
configure:6686: found /usr/bin/strip
configure:6697: result: strip
configure:6769: checking for ranlib
configure:6785: found /usr/bin/ranlib
configure:6796: result: ranlib
configure:6898: checking command to parse /usr/bin/nm -B output from gcc object
configure:7051: g++ -c    conftest.cpp >&5
configure:7054: $? = 0
configure:7058: /usr/bin/nm -B conftest.o \| sed -n -e 's/^.*[ ]\([ABCDGIRSTW][ABCDGIRSTW]*\)[ ][ ]*\([_A-Za-z][_A-Za-z0-9]*\)$/\1 \2 \2/p' | sed '/ __gnu_lto/d' \> conftest.nm
configure:7061: $? = 0
configure:7127: g++ -o conftest     conftest.cpp conftstm.o >&5
configure:7130: $? = 0
configure:7168: result: ok
configure:7215: checking for sysroot
configure:7245: result: no
configure:7252: checking for a working dd
configure:7290: result: /usr/bin/dd
configure:7294: checking how to truncate binary pipes
configure:7309: result: /usr/bin/dd bs=4096 count=1
configure:7446: g++ -c    conftest.cpp >&5
configure:7449: $? = 0
configure:7639: checking for mt
configure:7669: result: no
configure:7689: checking if : is a manifest tool
configure:7695: : '-?'
configure:7703: result: no
configure:8380: checking how to run the C preprocessor
configure:8411: gcc -E  conftest.c
configure:8411: $? = 0
configure:8425: gcc -E  conftest.c
conftest.c:11:10: fatal error: ac_nonexistent.h: No such file or directory
   11 | #include <ac_nonexistent.h>
      |          ^~~~~~~~~~~~~~~~~~
compilation terminated.
configure:8425: $? = 1
configure: failed program was:
| /* confdefs.h */
| #define PACKAGE_NAME "sword"
| #define PACKAGE_TARNAME "sword"
| #define PACKAGE_VERSION "1.9.0"
| #define PACKAGE_STRING "sword 1.9.0"
| #define PACKAGE_BUGREPORT "sword-bugs@crosswire.org"
| #define PACKAGE_URL "http://crosswire.org/sword"
| #define PACKAGE "sword"
| #define VERSION "1.9.0"
| /* end confdefs.h.  */
| #include <ac_nonexistent.h>
configure:8450: result: gcc -E
configure:8470: gcc -E  conftest.c
configure:8470: $? = 0
configure:8484: gcc -E  conftest.c
conftest.c:11:10: fatal error: ac_nonexistent.h: No such file or directory
   11 | #include <ac_nonexistent.h>
      |          ^~~~~~~~~~~~~~~~~~
compilation terminated.
configure:8484: $? = 1
configure: failed program was:
| /* confdefs.h */
| #define PACKAGE_NAME "sword"
| #define PACKAGE_TARNAME "sword"
| #define PACKAGE_VERSION "1.9.0"
| #define PACKAGE_STRING "sword 1.9.0"
| #define PACKAGE_BUGREPORT "sword-bugs@crosswire.org"
| #define PACKAGE_URL "http://crosswire.org/sword"
| #define PACKAGE "sword"
| #define VERSION "1.9.0"
| /* end confdefs.h.  */
| #include <ac_nonexistent.h>
configure:8513: checking for ANSI C header files
configure:8533: gcc -c    conftest.c >&5
configure:8533: $? = 0
configure:8606: gcc -o conftest     conftest.c  >&5
configure:8606: $? = 0
configure:8606: ./conftest
configure:8606: $? = 0
configure:8617: result: yes
configure:8630: checking for sys/types.h
configure:8630: gcc -c    conftest.c >&5
configure:8630: $? = 0
configure:8630: result: yes
configure:8630: checking for sys/stat.h
configure:8630: gcc -c    conftest.c >&5
configure:8630: $? = 0
configure:8630: result: yes
configure:8630: checking for stdlib.h
configure:8630: gcc -c    conftest.c >&5
configure:8630: $? = 0
configure:8630: result: yes
configure:8630: checking for string.h
configure:8630: gcc -c    conftest.c >&5
configure:8630: $? = 0
configure:8630: result: yes
configure:8630: checking for memory.h
configure:8630: gcc -c    conftest.c >&5
configure:8630: $? = 0
configure:8630: result: yes
configure:8630: checking for strings.h
configure:8630: gcc -c    conftest.c >&5
configure:8630: $? = 0
configure:8630: result: yes
configure:8630: checking for inttypes.h
configure:8630: gcc -c    conftest.c >&5
configure:8630: $? = 0
configure:8630: result: yes
configure:8630: checking for stdint.h
configure:8630: gcc -c    conftest.c >&5
configure:8630: $? = 0
configure:8630: result: yes
configure:8630: checking for unistd.h
configure:8630: gcc -c    conftest.c >&5
configure:8630: $? = 0
configure:8630: result: yes
configure:8644: checking for dlfcn.h
configure:8644: gcc -c    conftest.c >&5
configure:8644: $? = 0
configure:8644: result: yes
configure:8908: checking for objdir
configure:8923: result: .libs
configure:9187: checking if gcc supports -fno-rtti -fno-exceptions
configure:9205: gcc -c    -fno-rtti -fno-exceptions conftest.c >&5
cc1: warning: command line option '-fno-rtti' is valid for C++/D/ObjC++ but not for C
configure:9209: $? = 0
configure:9222: result: no
configure:9580: checking for gcc option to produce PIC
configure:9587: result: -fPIC -DPIC
configure:9595: checking if gcc PIC flag -fPIC -DPIC works
configure:9613: gcc -c    -fPIC -DPIC -DPIC conftest.c >&5
configure:9617: $? = 0
configure:9630: result: yes
configure:9659: checking if gcc static flag -static works
configure:9687: result: yes
configure:9702: checking if gcc supports -c -o file.o
configure:9723: gcc -c    -o out/conftest2.o conftest.c >&5
configure:9727: $? = 0
configure:9749: result: yes
configure:9757: checking if gcc supports -c -o file.o
configure:9804: result: yes
configure:9837: checking whether the gcc linker (/usr/bin/ld -m elf_x86_64) supports shared libraries
configure:11096: result: yes
configure:11336: checking dynamic linker characteristics
configure:11917: gcc -o conftest     -Wl,-rpath -Wl,/foo conftest.c  >&5
configure:11917: $? = 0
configure:12157: result: GNU/Linux ld.so
configure:12279: checking how to hardcode library paths into programs
configure:12304: result: immediate
configure:12852: checking whether stripping libraries is possible
configure:12857: result: yes
configure:12892: checking if libtool supports shared libraries
configure:12894: result: yes
configure:12897: checking whether to build shared libraries
configure:12922: result: no
configure:12925: checking whether to build static libraries
configure:12929: result: yes
configure:9741: checking how to run the C++ preprocessor
configure:9768: g++ -E  conftest.cpp
configure:9768: $? = 0
configure:9782: g++ -E  conftest.cpp
conftest.cpp:23:10: fatal error: ac_nonexistent.h: No such file or directory
   23 | #include <ac_nonexistent.h>
      |          ^~~~~~~~~~~~~~~~~~
compilation terminated.
configure:9782: $? = 1
configure: failed program was:
| /* confdefs.h */
| #define PACKAGE_NAME "sword"
| #define PACKAGE_TARNAME "sword"
| #define PACKAGE_VERSION "1.9.0"
| #define PACKAGE_STRING "sword 1.9.0"
| #define PACKAGE_BUGREPORT "sword-bugs@crosswire.org"
| #define PACKAGE_URL "http://crosswire.org/sword"
| #define PACKAGE "sword"
| #define VERSION "1.9.0"
| #define STDC_HEADERS 1
| #define HAVE_SYS_TYPES_H 1
| #define HAVE_SYS_STAT_H 1
| #define HAVE_STDLIB_H 1
| #define HAVE_STRING_H 1
| #define HAVE_MEMORY_H 1
| #define HAVE_STRINGS_H 1
| #define HAVE_INTTYPES_H 1
| #define HAVE_STDINT_H 1
| #define HAVE_UNISTD_H 1
| #define HAVE_DLFCN_H 1
| #define LT_OBJDIR ".libs/"
| /* end confdefs.h.  */
| #include <ac_nonexistent.h>
configure:9807: result: g++ -E
configure:9827: g++ -E  conftest.cpp
configure:9827: $? = 0
configure:9841: g++ -E  conftest.cpp
conftest.cpp:23:10: fatal error: ac_nonexistent.h: No such file or directory
   23 | #include <ac_nonexistent.h>
      |          ^~~~~~~~~~~~~~~~~~
compilation terminated.
configure:9841: $? = 1
configure: failed program was:
| /* confdefs.h */
| #define PACKAGE_NAME "sword"
| #define PACKAGE_TARNAME "sword"
| #define PACKAGE_VERSION "1.9.0"
| #define PACKAGE_STRING "sword 1.9.0"
| #define PACKAGE_BUGREPORT "sword-bugs@crosswire.org"
| #define PACKAGE_URL "http://crosswire.org/sword"
| #define PACKAGE "sword"
| #define VERSION "1.9.0"
| #define STDC_HEADERS 1
| #define HAVE_SYS_TYPES_H 1
| #define HAVE_SYS_STAT_H 1
| #define HAVE_STDLIB_H 1
| #define HAVE_STRING_H 1
| #define HAVE_MEMORY_H 1
| #define HAVE_STRINGS_H 1
| #define HAVE_INTTYPES_H 1
| #define HAVE_STDINT_H 1
| #define HAVE_UNISTD_H 1
| #define HAVE_DLFCN_H 1
| #define LT_OBJDIR ".libs/"
| /* end confdefs.h.  */
| #include <ac_nonexistent.h>
configure:10003: checking for ld used by g++
configure:10070: result: /usr/bin/ld -m elf_x86_64
configure:10077: checking if the linker (/usr/bin/ld -m elf_x86_64) is GNU ld
configure:10092: result: yes
configure:10147: checking whether the g++ linker (/usr/bin/ld -m elf_x86_64) supports shared libraries
configure:11220: result: yes
configure:11256: g++ -c    conftest.cpp >&5
configure:11259: $? = 0
configure:11740: checking for g++ option to produce PIC
configure:11747: result: -fPIC -DPIC
configure:11755: checking if g++ PIC flag -fPIC -DPIC works
configure:11773: g++ -c    -fPIC -DPIC -DPIC conftest.cpp >&5
configure:11777: $? = 0
configure:11790: result: yes
configure:11813: checking if g++ static flag -static works
configure:11841: result: yes
configure:11853: checking if g++ supports -c -o file.o
configure:11874: g++ -c    -o out/conftest2.o conftest.cpp >&5
configure:11878: $? = 0
configure:11900: result: yes
configure:11905: checking if g++ supports -c -o file.o
configure:11952: result: yes
configure:11982: checking whether the g++ linker (/usr/bin/ld -m elf_x86_64) supports shared libraries
configure:12022: result: yes
configure:12163: checking dynamic linker characteristics
configure:12911: result: GNU/Linux ld.so
configure:12976: checking how to hardcode library paths into programs
configure:13001: result: immediate
configure:11906: checking whether byte ordering is bigendian
configure:11921: g++ -c    conftest.cpp >&5
conftest.cpp:24:9: error: expected unqualified-id before 'not' token
   24 |         not a universal capable compiler
      |         ^~~
configure:11921: $? = 1
configure: failed program was:
| /* confdefs.h */
| #define PACKAGE_NAME "sword"
| #define PACKAGE_TARNAME "sword"
| #define PACKAGE_VERSION "1.9.0"
| #define PACKAGE_STRING "sword 1.9.0"
| #define PACKAGE_BUGREPORT "sword-bugs@crosswire.org"
| #define PACKAGE_URL "http://crosswire.org/sword"
| #define PACKAGE "sword"
| #define VERSION "1.9.0"
| #define STDC_HEADERS 1
| #define HAVE_SYS_TYPES_H 1
| #define HAVE_SYS_STAT_H 1
| #define HAVE_STDLIB_H 1
| #define HAVE_STRING_H 1
| #define HAVE_MEMORY_H 1
| #define HAVE_STRINGS_H 1
| #define HAVE_INTTYPES_H 1
| #define HAVE_STDINT_H 1
| #define HAVE_UNISTD_H 1
| #define HAVE_DLFCN_H 1
| #define LT_OBJDIR ".libs/"
| /* end confdefs.h.  */
| #ifndef __APPLE_CC__
| 	       not a universal capable compiler
| 	     #endif
| 	     typedef int dummy;
| 
configure:11966: g++ -c    conftest.cpp >&5
configure:11966: $? = 0
configure:11984: g++ -c    conftest.cpp >&5
conftest.cpp: In function 'int main()':
conftest.cpp:30:8: error: 'big' was not declared in this scope
   30 |    not big endian
      |        ^~~
configure:11984: $? = 1
configure: failed program was:
| /* confdefs.h */
| #define PACKAGE_NAME "sword"
| #define PACKAGE_TARNAME "sword"
| #define PACKAGE_VERSION "1.9.0"
| #define PACKAGE_STRING "sword 1.9.0"
| #define PACKAGE_BUGREPORT "sword-bugs@crosswire.org"
| #define PACKAGE_URL "http://crosswire.org/sword"
| #define PACKAGE "sword"
| #define VERSION "1.9.0"
| #define STDC_HEADERS 1
| #define HAVE_SYS_TYPES_H 1
| #define HAVE_SYS_STAT_H 1
| #define HAVE_STDLIB_H 1
| #define HAVE_STRING_H 1
| #define HAVE_MEMORY_H 1
| #define HAVE_STRINGS_H 1
| #define HAVE_INTTYPES_H 1
| #define HAVE_STDINT_H 1
| #define HAVE_UNISTD_H 1
| #define HAVE_DLFCN_H 1
| #define LT_OBJDIR ".libs/"
| /* end confdefs.h.  */
| #include <sys/types.h>
| 		#include <sys/param.h>
| 
| int
| main ()
| {
| #if BYTE_ORDER != BIG_ENDIAN
| 		 not big endian
| 		#endif
| 
|   ;
|   return 0;
| }
configure:12112: result: no
configure:12185: checking for pkg-config
configure:12203: found /usr/bin/pkg-config
configure:12215: result: /usr/bin/pkg-config
configure:12240: checking pkg-config is at least version 0.9.0
configure:12243: result: yes
configure:12253: checking for CLUCENE2
configure:12260: $PKG_CONFIG --exists --print-errors "libclucene-core >= 2.3"
Package libclucene-core was not found in the pkg-config search path.
Perhaps you should add the directory containing `libclucene-core.pc'
to the PKG_CONFIG_PATH environment variable
No package 'libclucene-core' found
configure:12263: $? = 1
configure:12277: $PKG_CONFIG --exists --print-errors "libclucene-core >= 2.3"
Package libclucene-core was not found in the pkg-config search path.
Perhaps you should add the directory containing `libclucene-core.pc'
to the PKG_CONFIG_PATH environment variable
No package 'libclucene-core' found
configure:12280: $? = 1
configure:12294: result: no
No package 'libclucene-core' found
configure:12341: checking how to include clucene 0.x
configure:12400: result: excluding support
configure:12411: WARNING: Could not detect clucene location.  To enable clucene, you must
		call configure with the --with-clucene option specifying the location.
	    This tells configure where to find the CLucene Core library and headers.
	    e.g. --with-clucene=/usr/local or --with-clucene=/usr
configure:12614: checking whether to enable maintainer-specific portions of Makefiles
configure:12623: result: no
configure:12720: g++ -c   -ftemplate-depth=100  conftest.cpp >&5
configure:12720: $? = 0
configure:12737: checking for compress in -lz
configure:12762: g++ -o conftest   -ftemplate-depth=100   conftest.cpp -lz   >&5
configure:12762: $? = 0
configure:12771: result: yes
configure:12910: checking for library containing regexec
configure:12941: g++ -o conftest   -ftemplate-depth=100   conftest.cpp -lz  >&5
configure:12941: $? = 0
configure:12958: result: none required
configure:12972: Using system regex.h
configure:13023: checking for cppunit-config
configure:13054: result: no
configure:13064: checking for Cppunit - version >= 1.8.0
configure:13188: checking for pkg-config
configure:13218: result: /usr/bin/pkg-config
configure:13243: checking pkg-config is at least version PKG_CONFIG
configure:13246: result: yes
configure:13281: checking for icu-config
configure:13299: found /opt/conda/bin/icu-config
configure:13312: result: /opt/conda/bin/icu-config
configure:13363: checking for curl-config
configure:13381: found /opt/conda/bin/curl-config
configure:13394: result: /opt/conda/bin/curl-config
configure:13478: checking for main in -lxapian
configure:13497: g++ -o conftest   -ftemplate-depth=100   conftest.cpp -lxapian  -lz   -L/opt/conda/lib -licui18n -licuuc -licudata    -licuio  -L/opt/conda/lib -lcurl >&5
/usr/bin/ld: cannot find -lxapian
collect2: error: ld returned 1 exit status
configure:13497: $? = 1
configure: failed program was:
| /* confdefs.h */
| #define PACKAGE_NAME "sword"
| #define PACKAGE_TARNAME "sword"
| #define PACKAGE_VERSION "1.9.0"
| #define PACKAGE_STRING "sword 1.9.0"
| #define PACKAGE_BUGREPORT "sword-bugs@crosswire.org"
| #define PACKAGE_URL "http://crosswire.org/sword"
| #define PACKAGE "sword"
| #define VERSION "1.9.0"
| #define STDC_HEADERS 1
| #define HAVE_SYS_TYPES_H 1
| #define HAVE_SYS_STAT_H 1
| #define HAVE_STDLIB_H 1
| #define HAVE_STRING_H 1
| #define HAVE_MEMORY_H 1
| #define HAVE_STRINGS_H 1
| #define HAVE_INTTYPES_H 1
| #define HAVE_STDINT_H 1
| #define HAVE_UNISTD_H 1
| #define HAVE_DLFCN_H 1
| #define LT_OBJDIR ".libs/"
| #define HAVE_LIBZ 1
| /* end confdefs.h.  */
| 
| 
| int
| main ()
| {
| return main ();
|   ;
|   return 0;
| }
configure:13506: result: no
configure:13546: checking for vsnprintf
configure:13546: g++ -o conftest   -ftemplate-depth=100   conftest.cpp -lz   -L/opt/conda/lib -licui18n -licuuc -licudata    -licuio  -L/opt/conda/lib -lcurl >&5
conftest.cpp:47:6: warning: declaration of 'char vsnprintf()' conflicts with built-in declaration 'int vsnprintf(char*, long unsigned int, const char*, __va_list_tag*)' [-Wbuiltin-declaration-mismatch]
   47 | char vsnprintf ();
      |      ^~~~~~~~~
configure:13546: $? = 0
configure:13546: result: yes
configure:13606: g++ -c   -ftemplate-depth=100 -Wno-address  conftest.cpp >&5
configure:13606: $? = 0
configure:13641: g++ -c   -ftemplate-depth=100 -Wno-nonnull-compare  conftest.cpp >&5
configure:13641: $? = 0
configure:14004: checking that generated files are newer than configure
configure:14010: result: done
configure:14142: creating ./config.status

## ---------------------- ##
## Running config.status. ##
## ---------------------- ##

This file was extended by sword config.status 1.9.0, which was
generated by GNU Autoconf 2.69.  Invocation command line was

  CONFIG_FILES    = 
  CONFIG_HEADERS  = 
  CONFIG_LINKS    = 
  CONFIG_COMMANDS = 
  $ ./config.status 

on codespaces-937e7b

config.status:1251: creating Makefile
config.status:1251: creating lib/Makefile
config.status:1251: creating tests/Makefile
config.status:1251: creating tests/testsuite/Makefile
config.status:1251: creating tests/cppunit/Makefile
config.status:1251: creating utilities/Makefile
config.status:1251: creating examples/Makefile
config.status:1251: creating examples/cmdline/Makefile
config.status:1251: creating examples/tasks/Makefile
config.status:1251: creating utilities/diatheke/Makefile
config.status:1251: creating sword.pc
config.status:1251: creating include/swversion.h
config.status:1251: creating sword.spec
config.status:1251: creating include/config.h
config.status:1480: executing depfiles commands
config.status:1557: cd .       && sed -e '/# am--include-marker/d' Makefile         | make -f - am--depfiles
config.status:1562: $? = 0
config.status:1557: cd lib       && sed -e '/# am--include-marker/d' Makefile         | make -f - am--depfiles
config.status:1562: $? = 0
config.status:1557: cd tests       && sed -e '/# am--include-marker/d' Makefile         | make -f - am--depfiles
config.status:1562: $? = 0
config.status:1557: cd tests/cppunit       && sed -e '/# am--include-marker/d' Makefile         | make -f - am--depfiles
config.status:1562: $? = 0
config.status:1557: cd utilities       && sed -e '/# am--include-marker/d' Makefile         | make -f - am--depfiles
config.status:1562: $? = 0
config.status:1557: cd examples/cmdline       && sed -e '/# am--include-marker/d' Makefile         | make -f - am--depfiles
config.status:1562: $? = 0
config.status:1557: cd examples/tasks       && sed -e '/# am--include-marker/d' Makefile         | make -f - am--depfiles
config.status:1562: $? = 0
config.status:1557: cd utilities/diatheke       && sed -e '/# am--include-marker/d' Makefile         | make -f - am--depfiles
config.status:1562: $? = 0
config.status:1480: executing libtool commands

## ---------------- ##
## Cache variables. ##
## ---------------- ##

ac_cv_build=x86_64-pc-linux-gnu
ac_cv_c_bigendian=no
ac_cv_c_compiler_gnu=yes
ac_cv_cxx_compiler_gnu=yes
ac_cv_env_CCC_set=
ac_cv_env_CCC_value=
ac_cv_env_CC_set=
ac_cv_env_CC_value=
ac_cv_env_CFLAGS_set=
ac_cv_env_CFLAGS_value=
ac_cv_env_CLUCENE2_CFLAGS_set=
ac_cv_env_CLUCENE2_CFLAGS_value=
ac_cv_env_CLUCENE2_LIBS_set=
ac_cv_env_CLUCENE2_LIBS_value=
ac_cv_env_CPPFLAGS_set=
ac_cv_env_CPPFLAGS_value=
ac_cv_env_CPP_set=
ac_cv_env_CPP_value=
ac_cv_env_CXXCPP_set=
ac_cv_env_CXXCPP_value=
ac_cv_env_CXXFLAGS_set=
ac_cv_env_CXXFLAGS_value=
ac_cv_env_CXX_set=
ac_cv_env_CXX_value=
ac_cv_env_LDFLAGS_set=
ac_cv_env_LDFLAGS_value=
ac_cv_env_LIBS_set=set
ac_cv_env_LIBS_value=
ac_cv_env_LT_SYS_LIBRARY_PATH_set=
ac_cv_env_LT_SYS_LIBRARY_PATH_value=
ac_cv_env_PKG_CONFIG_LIBDIR_set=
ac_cv_env_PKG_CONFIG_LIBDIR_value=
ac_cv_env_PKG_CONFIG_PATH_set=
ac_cv_env_PKG_CONFIG_PATH_value=
ac_cv_env_PKG_CONFIG_set=
ac_cv_env_PKG_CONFIG_value=
ac_cv_env_build_alias_set=
ac_cv_env_build_alias_value=
ac_cv_env_host_alias_set=
ac_cv_env_host_alias_value=
ac_cv_env_target_alias_set=
ac_cv_env_target_alias_value=
ac_cv_func_vsnprintf=yes
ac_cv_header_dlfcn_h=yes
ac_cv_header_inttypes_h=yes
ac_cv_header_memory_h=yes
ac_cv_header_stdc=yes
ac_cv_header_stdint_h=yes
ac_cv_header_stdlib_h=yes
ac_cv_header_string_h=yes
ac_cv_header_strings_h=yes
ac_cv_header_sys_stat_h=yes
ac_cv_header_sys_types_h=yes
ac_cv_header_unistd_h=yes
ac_cv_host=x86_64-pc-linux-gnu
ac_cv_lib_xapian_main=no
ac_cv_lib_z_compress=yes
ac_cv_objext=o
ac_cv_path_CPPUNIT_CONFIG=no
ac_cv_path_CURL_CONFIG=/opt/conda/bin/curl-config
ac_cv_path_EGREP='/usr/bin/grep -E'
ac_cv_path_FGREP='/usr/bin/grep -F'
ac_cv_path_GREP=/usr/bin/grep
ac_cv_path_ICU_CONFIG=/opt/conda/bin/icu-config
ac_cv_path_SED=/usr/bin/sed
ac_cv_path_ac_pt_PKG_CONFIG=/usr/bin/pkg-config
ac_cv_path_install='/usr/bin/install -c'
ac_cv_path_lt_DD=/usr/bin/dd
ac_cv_path_mkdir=/usr/bin/mkdir
ac_cv_prog_AWK=gawk
ac_cv_prog_CPP='gcc -E'
ac_cv_prog_CXXCPP='g++ -E'
ac_cv_prog_ac_ct_AR=ar
ac_cv_prog_ac_ct_CC=gcc
ac_cv_prog_ac_ct_CXX=g++
ac_cv_prog_ac_ct_DLLTOOL=dlltool
ac_cv_prog_ac_ct_OBJDUMP=objdump
ac_cv_prog_ac_ct_RANLIB=ranlib
ac_cv_prog_ac_ct_STRIP=strip
ac_cv_prog_cc_c89=
ac_cv_prog_cc_g=yes
ac_cv_prog_cxx_g=yes
ac_cv_prog_make_make_set=yes
ac_cv_search_regexec='none required'
ac_cv_target=x86_64-pc-linux-gnu
am_cv_CC_dependencies_compiler_type=gcc3
am_cv_CXX_dependencies_compiler_type=gcc3
am_cv_make_support_nested_variables=yes
am_cv_prog_cc_c_o=yes
lt_cv_ar_at_file=@
lt_cv_deplibs_check_method=pass_all
lt_cv_file_magic_cmd='$MAGIC_CMD'
lt_cv_file_magic_test_file=
lt_cv_ld_reload_flag=-r
lt_cv_nm_interface='BSD nm'
lt_cv_objdir=.libs
lt_cv_path_LD=/usr/bin/ld
lt_cv_path_LDCXX='/usr/bin/ld -m elf_x86_64'
lt_cv_path_NM='/usr/bin/nm -B'
lt_cv_path_mainfest_tool=no
lt_cv_prog_compiler_c_o=yes
lt_cv_prog_compiler_c_o_CXX=yes
lt_cv_prog_compiler_pic='-fPIC -DPIC'
lt_cv_prog_compiler_pic_CXX='-fPIC -DPIC'
lt_cv_prog_compiler_pic_works=yes
lt_cv_prog_compiler_pic_works_CXX=yes
lt_cv_prog_compiler_rtti_exceptions=no
lt_cv_prog_compiler_static_works=yes
lt_cv_prog_compiler_static_works_CXX=yes
lt_cv_prog_gnu_ld=yes
lt_cv_prog_gnu_ldcxx=yes
lt_cv_sharedlib_from_linklib_cmd='printf %s\n'
lt_cv_shlibpath_overrides_runpath=yes
lt_cv_sys_global_symbol_pipe='sed -n -e '\''s/^.*[	 ]\([ABCDGIRSTW][ABCDGIRSTW]*\)[	 ][	 ]*\([_A-Za-z][_A-Za-z0-9]*\)$/\1 \2 \2/p'\'' | sed '\''/ __gnu_lto/d'\'''
lt_cv_sys_global_symbol_to_c_name_address='sed -n -e '\''s/^: \(.*\) .*$/  {"\1", (void *) 0},/p'\'' -e '\''s/^[ABCDGIRSTW][ABCDGIRSTW]* .* \(.*\)$/  {"\1", (void *) \&\1},/p'\'''
lt_cv_sys_global_symbol_to_c_name_address_lib_prefix='sed -n -e '\''s/^: \(.*\) .*$/  {"\1", (void *) 0},/p'\'' -e '\''s/^[ABCDGIRSTW][ABCDGIRSTW]* .* \(lib.*\)$/  {"\1", (void *) \&\1},/p'\'' -e '\''s/^[ABCDGIRSTW][ABCDGIRSTW]* .* \(.*\)$/  {"lib\1", (void *) \&\1},/p'\'''
lt_cv_sys_global_symbol_to_cdecl='sed -n -e '\''s/^T .* \(.*\)$/extern int \1();/p'\'' -e '\''s/^[ABCDGIRSTW][ABCDGIRSTW]* .* \(.*\)$/extern char \1;/p'\'''
lt_cv_sys_global_symbol_to_import=
lt_cv_sys_max_cmd_len=1572864
lt_cv_to_host_file_cmd=func_convert_file_noop
lt_cv_to_tool_file_cmd=func_convert_file_noop
lt_cv_truncate_bin='/usr/bin/dd bs=4096 count=1'

## ----------------- ##
## Output variables. ##
## ----------------- ##

ACLOCAL='${SHELL} /workspaces/bible-sword/sword-1.9.0/missing aclocal-1.16'
AMDEPBACKSLASH='\'
AMDEP_FALSE='#'
AMDEP_TRUE=''
AMTAR='$${TAR-tar}'
AM_BACKSLASH='\'
AM_CFLAGS='-g3 -O0 -Wall -fPIC -DEXCLUDEBZIP2 -DEXCLUDEXZ -D_ICU_ -DCURLAVAILABLE -I/opt/conda/include -DCURLSFTPAVAILABLE -DUSEICUREGEX'
AM_CXXFLAGS='-g3 -O0 -Wall -Woverloaded-virtual -fPIC -DEXCLUDEBZIP2 -DEXCLUDEXZ -D_ICU_ -DCURLAVAILABLE -I/opt/conda/include -DCURLSFTPAVAILABLE -DUSECXX11TIME -std=c++11 -DUSEICUREGEX  -Wno-address -Wno-nonnull-compare'
AM_DEFAULT_V='$(AM_DEFAULT_VERBOSITY)'
AM_DEFAULT_VERBOSITY='1'
AM_V='$(V)'
AR='ar'
AS='as'
AUTOCONF='${SHELL} /workspaces/bible-sword/sword-1.9.0/missing autoconf'
AUTOHEADER='${SHELL} /workspaces/bible-sword/sword-1.9.0/missing autoheader'
AUTOMAKE='${SHELL} /workspaces/bible-sword/sword-1.9.0/missing automake-1.16'
AWK='gawk'
BUILDEXAMPLES_FALSE=''
BUILDEXAMPLES_TRUE='#'
BUILDTESTS_FALSE='#'
BUILDTESTS_TRUE=''
BUILDUTILS_FALSE='#'
BUILDUTILS_TRUE=''
CC='gcc'
CCDEPMODE='depmode=gcc3'
CFLAGS=' '
CLUCENE2_CFLAGS=''
CLUCENE2_LIBS=''
CLUCENE_CXXFLAGS=''
CLUCENE_LIBS=''
CONFDEF_FALSE=''
CONFDEF_TRUE='#'
CPP='gcc -E'
CPPFLAGS=''
CPPUNIT_CFLAGS=''
CPPUNIT_CONFIG='no'
CPPUNIT_LIBS=''
CURL_CONFIG='/opt/conda/bin/curl-config'
CURL_LIBS='-L/opt/conda/lib -lcurl'
CXX='g++'
CXXCPP='g++ -E'
CXXDEPMODE='depmode=gcc3'
CXXFLAGS='  -ftemplate-depth=100'
CYGPATH_W='echo'
DEFS='-DHAVE_CONFIG_H'
DEPDIR='.deps'
DLLTOOL='dlltool'
DSYMUTIL=''
DUMPBIN=''
ECHO_C=''
ECHO_N='-n'
ECHO_T=''
EGREP='/usr/bin/grep -E'
EXEEXT=''
FGREP='/usr/bin/grep -F'
GREP='/usr/bin/grep'
HAVE_BZIP2_FALSE=''
HAVE_BZIP2_TRUE='#'
HAVE_CPPUNIT_FALSE=''
HAVE_CPPUNIT_TRUE='#'
HAVE_ICUSWORD_FALSE=''
HAVE_ICUSWORD_TRUE='#'
HAVE_ICU_FALSE='#'
HAVE_ICU_TRUE=''
HAVE_LIBZ_FALSE='#'
HAVE_LIBZ_TRUE=''
HAVE_VSNPRINTF_FALSE='#'
HAVE_VSNPRINTF_TRUE=''
HAVE_XZ_FALSE=''
HAVE_XZ_TRUE='#'
ICU_CONFIG='/opt/conda/bin/icu-config'
ICU_IOLIBS=' -licuio '
ICU_LIBS=' -L/opt/conda/lib -licui18n -licuuc -licudata  '
INSTALL_DATA='${INSTALL} -m 644'
INSTALL_PROGRAM='${INSTALL}'
INSTALL_SCRIPT='${INSTALL}'
INSTALL_STRIP_PROGRAM='$(install_sh) -c -s'
INSTCONF_FALSE=''
INSTCONF_TRUE='#'
INTERNALFTPLIB_FALSE=''
INTERNALFTPLIB_TRUE='#'
LD='/usr/bin/ld -m elf_x86_64'
LDFLAGS=''
LIBOBJS=''
LIBS='-lz   -L/opt/conda/lib -licui18n -licuuc -licudata    -licuio  -L/opt/conda/lib -lcurl'
LIBTOOL='$(SHELL) $(top_builddir)/libtool'
LIPO=''
LN_S='ln -s'
LTLIBOBJS=''
LT_SYS_LIBRARY_PATH=''
MAINT='#'
MAINTAINER_MODE_FALSE=''
MAINTAINER_MODE_TRUE='#'
MAKEINFO='${SHELL} /workspaces/bible-sword/sword-1.9.0/missing makeinfo'
MANIFEST_TOOL=':'
MKDIR_P='/usr/bin/mkdir -p'
NM='/usr/bin/nm -B'
NMEDIT=''
OBJDUMP='objdump'
OBJEXT='o'
OTOOL64=''
OTOOL=''
PACKAGE='sword'
PACKAGE_BUGREPORT='sword-bugs@crosswire.org'
PACKAGE_NAME='sword'
PACKAGE_STRING='sword 1.9.0'
PACKAGE_TARNAME='sword'
PACKAGE_URL='http://crosswire.org/sword'
PACKAGE_VERSION='1.9.0'
PATH_SEPARATOR=':'
PKG_CONFIG='/usr/bin/pkg-config'
PKG_CONFIG_LIBDIR=''
PKG_CONFIG_PATH=''
RANLIB='ranlib'
SED='/usr/bin/sed'
SET_MAKE=''
SHAREDLIB_FALSE=''
SHAREDLIB_TRUE='#'
SHELL='/bin/bash'
STRIP='strip'
STRIPLOGD_FALSE=''
STRIPLOGD_TRUE='#'
STRIPLOGI_FALSE=''
STRIPLOGI_TRUE='#'
SWORD_VERSION_MAJOR='1'
SWORD_VERSION_MICRO='0'
SWORD_VERSION_MINOR='9'
SWORD_VERSION_NANO='0'
SWORD_VERSION_NUM='109000000'
SWORD_VERSION_STR='1.9.0'
USECXX11REGEX_FALSE=''
USECXX11REGEX_TRUE='#'
USECXX11TIME_FALSE='#'
USECXX11TIME_TRUE=''
USEICUREGEX_FALSE='#'
USEICUREGEX_TRUE=''
USELUCENE_FALSE=''
USELUCENE_TRUE='#'
USE_INTERNAL_REGEX_FALSE=''
USE_INTERNAL_REGEX_TRUE='#'
USE_PKGCONF_FALSE='#'
USE_PKGCONF_TRUE=''
VERSION='1.9.0'
WITHCURLSFTP_FALSE='#'
WITHCURLSFTP_TRUE=''
WITHCURL_FALSE='#'
WITHCURL_TRUE=''
WITHGAPI_FALSE=''
WITHGAPI_TRUE='#'
ac_ct_AR='ar'
ac_ct_CC='gcc'
ac_ct_CXX='g++'
ac_ct_DUMPBIN=''
am__EXEEXT_FALSE=''
am__EXEEXT_TRUE='#'
am__fastdepCC_FALSE='#'
am__fastdepCC_TRUE=''
am__fastdepCXX_FALSE='#'
am__fastdepCXX_TRUE=''
am__include='include'
am__isrc=''
am__leading_dot='.'
am__nodep='_no'
am__quote=''
am__tar='$${TAR-tar} chof - "$$tardir"'
am__untar='$${TAR-tar} xf -'
bindir='${exec_prefix}/bin'
build='x86_64-pc-linux-gnu'
build_alias=''
build_cpu='x86_64'
build_os='linux-gnu'
build_vendor='pc'
datadir='${datarootdir}'
datarootdir='${prefix}/share'
dir_confdef='no'
docdir='${datarootdir}/doc/${PACKAGE_TARNAME}'
dvidir='${docdir}'
enable_debug='yes'
enable_profile='no'
exec_prefix='${prefix}'
host='x86_64-pc-linux-gnu'
host_alias=''
host_cpu='x86_64'
host_os='linux-gnu'
host_vendor='pc'
htmldir='${docdir}'
includedir='${prefix}/include'
infodir='${datarootdir}/info'
install_sh='${SHELL} /workspaces/bible-sword/sword-1.9.0/install-sh'
libdir='/usr/lib64'
libexecdir='${exec_prefix}/libexec'
localedir='${datarootdir}/locale'
localstatedir='${prefix}/var'
mandir='${datarootdir}/man'
mkdir_p='$(MKDIR_P)'
oldincludedir='/usr/include'
pdfdir='${docdir}'
prefix='/usr'
program_transform_name='s,x,x,'
psdir='${docdir}'
sbindir='${exec_prefix}/sbin'
sharedstatedir='${prefix}/com'
sysconfdir='/etc'
target='x86_64-pc-linux-gnu'
target_alias=''
target_cpu='x86_64'
target_mingw32=''
target_os='linux-gnu'
target_system=''
target_vendor='pc'
with_bzip2='no'
with_conf='no'
with_icu='yes'
with_icusword='no'
with_xz='no'
with_zlib='yes'

## ----------- ##
## confdefs.h. ##
## ----------- ##

/* confdefs.h */
#define PACKAGE_NAME "sword"
#define PACKAGE_TARNAME "sword"
#define PACKAGE_VERSION "1.9.0"
#define PACKAGE_STRING "sword 1.9.0"
#define PACKAGE_BUGREPORT "sword-bugs@crosswire.org"
#define PACKAGE_URL "http://crosswire.org/sword"
#define PACKAGE "sword"
#define VERSION "1.9.0"
#define STDC_HEADERS 1
#define HAVE_SYS_TYPES_H 1
#define HAVE_SYS_STAT_H 1
#define HAVE_STDLIB_H 1
#define HAVE_STRING_H 1
#define HAVE_MEMORY_H 1
#define HAVE_STRINGS_H 1
#define HAVE_INTTYPES_H 1
#define HAVE_STDINT_H 1
#define HAVE_UNISTD_H 1
#define HAVE_DLFCN_H 1
#define LT_OBJDIR ".libs/"
#define HAVE_LIBZ 1
#define HAVE_VSNPRINTF 1

configure: exit 0
